<?xml version="1.0" encoding="UTF-8"?>
<!-- Generated by org.testng.reporters.JUnitReportReporter -->
<testsuite hostname="DESKTOP-D9IQOTC" failures="0" tests="1" name="scripts_vtiger.Script2" time="12.541" errors="0" timestamp="2024-07-11T15:42:42 IST" skipped="0">
  <testcase classname="scripts_vtiger.Script2" name="Script2" time="12.541"/>
  <system-out>
    <![CDATA[Report generation
Report]]>
  </system-out>
</testsuite> <!-- scripts_vtiger.Script2 -->
