<?xml version="1.0" encoding="UTF-8"?>
<!-- Generated by org.testng.reporters.JUnitReportReporter -->
<testsuite hostname="DESKTOP-D9IQOTC" failures="0" tests="3" name="testng.LearningPriority" time="0.009" errors="0" timestamp="2024-07-01T16:01:18 IST" skipped="0">
  <testcase classname="testng.LearningPriority" name="login" time="0.007"/>
  <system-out>
Logged in successfully  </system-out>
  <testcase classname="testng.LearningPriority" name="AddtoCart" time="0.001"/>
  <system-out>
 product added to the cart successfully  </system-out>
  <testcase classname="testng.LearningPriority" name="logout" time="0.001"/>
  <system-out>
Logged out successfully  </system-out>
</testsuite> <!-- testng.LearningPriority -->
