<?xml version="1.0" encoding="UTF-8"?>
<!-- Generated by org.testng.reporters.JUnitReportReporter -->
<testsuite hostname="DESKTOP-D9IQOTC" failures="0" tests="2" name="testng.Dataproviders" time="0.009" errors="0" timestamp="2024-07-09T15:46:54 IST" skipped="0">
  <testcase classname="testng.Dataproviders" name="details" time="0.002">
    <system-out>
      <![CDATA[deeban
A+
chennai]]>
    </system-out>
  </testcase> <!-- details -->
  <testcase classname="testng.Dataproviders" name="details" time="0.007">
    <system-out>
      <![CDATA[moni
A+
chennai]]>
    </system-out>
  </testcase> <!-- details -->
  <system-out>
    <![CDATA[**************
moni
A+
chennai
deeban
A+
chennai]]>
  </system-out>
</testsuite> <!-- testng.Dataproviders -->
