<?xml version="1.0" encoding="UTF-8"?>
<!-- Generated by org.testng.reporters.JUnitReportReporter -->
<testsuite hostname="DESKTOP-D9IQOTC" failures="0" tests="1" name="testng.Script1" time="0.011" errors="0" timestamp="2024-07-01T14:53:23 IST" skipped="0">
  <testcase classname="testng.Script1" name="Launch" time="0.011"/>
  <system-out/>
</testsuite> <!-- testng.Script1 -->
