<?xml version="1.0" encoding="UTF-8"?>
<!-- Generated by org.testng.reporters.JUnitReportReporter -->
<testsuite hostname="DESKTOP-D9IQOTC" failures="0" tests="5" name="testng.LearningInvocation" time="20.564" errors="0" timestamp="2024-07-02T14:43:32 IST" skipped="0">
  <testcase classname="testng.LearningInvocation" name="launch" time="6.461"/>
  <system-out/>
  <testcase classname="testng.LearningInvocation" name="launch" time="6.566"/>
  <system-out/>
  <testcase classname="testng.LearningInvocation" name="launch" time="7.528"/>
  <system-out/>
  <testcase classname="testng.LearningInvocation" name="console" time="0.004"/>
  <system-out>
testNg  </system-out>
  <testcase classname="testng.LearningInvocation" name="console" time="0.005"/>
  <system-out>
testNg  </system-out>
</testsuite> <!-- testng.LearningInvocation -->
