<?xml version="1.0" encoding="UTF-8"?>
<!-- Generated by org.testng.reporters.JUnitReportReporter -->
<testsuite hostname="DESKTOP-D9IQOTC" failures="0" tests="1" name="scripts_vtiger.Script3" time="22.909" errors="0" timestamp="2024-07-11T15:41:25 IST" skipped="0">
  <testcase classname="scripts_vtiger.Script3" name="script3" time="22.909"/>
  <system-out>
    <![CDATA[Report generation
Report]]>
  </system-out>
</testsuite> <!-- scripts_vtiger.Script3 -->
