<?xml version="1.0" encoding="UTF-8"?>
<!-- Generated by org.testng.reporters.JUnitReportReporter -->
<testsuite hostname="DESKTOP-D9IQOTC" failures="0" tests="1" name="scripts_vtiger.Script5" time="15.494" errors="0" timestamp="2024-07-11T15:41:25 IST" skipped="0">
  <testcase classname="scripts_vtiger.Script5" name="Script5" time="15.494"/>
  <system-out>
    <![CDATA[Report generation
Report]]>
  </system-out>
</testsuite> <!-- scripts_vtiger.Script5 -->
