<?xml version="1.0" encoding="UTF-8"?>
<!-- Generated by org.testng.reporters.JUnitReportReporter -->
<testsuite hostname="DESKTOP-D9IQOTC" failures="0" tests="2" name="testng.LearningEnabled" time="6.460" errors="0" timestamp="2024-07-02T15:25:49 IST" skipped="1">
  <testcase classname="testng.LearningEnabled" name="launch" time="6.460"/>
  <system-out/>
  <testcase classname="testng.LearningEnabled" name="console">
    <skipped/>
  </testcase> <!-- console -->
  <system-out/>
</testsuite> <!-- testng.LearningEnabled -->
