<?xml version="1.0" encoding="UTF-8"?>
<!-- Generated by org.testng.reporters.JUnitReportReporter -->
<testsuite hostname="DESKTOP-D9IQOTC" failures="0" tests="3" name="testng.Crossbrowser" time="6.638" errors="0" timestamp="2024-07-08T15:59:02 IST" skipped="0">
  <testcase classname="testng.Crossbrowser" name="launch" time="3.957"/>
  <testcase classname="testng.Crossbrowser" name="launch" time="2.679"/>
  <testcase classname="testng.Crossbrowser" name="launch" time="0.002"/>
</testsuite> <!-- testng.Crossbrowser -->
