<?xml version="1.0" encoding="UTF-8"?>
<!-- Generated by org.testng.reporters.JUnitReportReporter -->
<testsuite hostname="DESKTOP-D9IQOTC" failures="0" tests="3" name="testng.LearningDepends" time="0.011" errors="0" timestamp="2024-07-04T15:14:48 IST" skipped="0">
  <testcase classname="testng.LearningDepends" name="login" time="0.008">
    <system-out>
      <![CDATA[Logged in successfully]]>
    </system-out>
  </testcase> <!-- login -->
  <testcase classname="testng.LearningDepends" name="AddtoCart" time="0.002">
    <system-out>
      <![CDATA[ product added to the cart successfully]]>
    </system-out>
  </testcase> <!-- AddtoCart -->
  <testcase classname="testng.LearningDepends" name="logout" time="0.001">
    <system-out>
      <![CDATA[Logged out successfully]]>
    </system-out>
  </testcase> <!-- logout -->
  <system-out>
    <![CDATA[Logged in successfully
 product added to the cart successfully
Logged out successfully]]>
  </system-out>
</testsuite> <!-- testng.LearningDepends -->
