<?xml version="1.0" encoding="UTF-8"?>
<!-- Generated by org.testng.reporters.JUnitReportReporter -->
<testsuite hostname="DESKTOP-D9IQOTC" failures="0" tests="5" name="testng.LearningPoolSize" time="24.185" errors="0" timestamp="2024-07-02T15:30:17 IST" skipped="0">
  <testcase classname="testng.LearningPoolSize" name="launch" time="6.588"/>
  <system-out/>
  <testcase classname="testng.LearningPoolSize" name="launch" time="9.469"/>
  <system-out/>
  <testcase classname="testng.LearningPoolSize" name="launch" time="8.117"/>
  <system-out/>
  <testcase classname="testng.LearningPoolSize" name="console" time="0.005"/>
  <system-out>
testNg  </system-out>
  <testcase classname="testng.LearningPoolSize" name="console" time="0.006"/>
  <system-out>
testNg  </system-out>
</testsuite> <!-- testng.LearningPoolSize -->
