<?xml version="1.0" encoding="UTF-8"?>
<!-- Generated by org.testng.reporters.JUnitReportReporter -->
<testsuite hostname="DESKTOP-D9IQOTC" failures="0" tests="3" name="testng.MultipleDataProvider" time="53.664" errors="0" timestamp="2024-07-10T15:17:28 IST" skipped="0">
  <testcase classname="testng.MultipleDataProvider" name="details" time="18.984"/>
  <testcase classname="testng.MultipleDataProvider" name="details" time="17.331"/>
  <testcase classname="testng.MultipleDataProvider" name="details" time="17.349"/>
</testsuite> <!-- testng.MultipleDataProvider -->
